Tue 24 Jan 17:05:01 EST 2023 | Running podcast_update.sh
Tue 24 Jan 17:05:01 EST 2023 | Run Complete.
Tue 21 Feb 15:30:01 EST 2023 | Running podcast_update.sh
Tue 21 Feb 15:30:01 EST 2023 | Run Complete.
Tue 21 Feb 16:30:01 EST 2023 | Running podcast_update.sh
Tue 21 Feb 16:30:01 EST 2023 | Run Complete.
Tue 21 Feb 17:30:01 EST 2023 | Running podcast_update.sh
Tue 21 Feb 17:30:01 EST 2023 | Run Complete.
Tue 21 Feb 18:30:01 EST 2023 | Running podcast_update.sh
Tue 21 Feb 18:30:01 EST 2023 | Run Complete.
Tue 21 Feb 19:30:01 EST 2023 | Running podcast_update.sh
Tue 21 Feb 19:30:01 EST 2023 | Run Complete.
Tue 21 Feb 20:30:01 EST 2023 | Running podcast_update.sh
Tue 21 Feb 20:30:01 EST 2023 | Run Complete.
Wed 22 Feb 15:30:01 EST 2023 | Running podcast_update.sh
Wed 22 Feb 15:30:01 EST 2023 | Run Complete.
Wed 22 Feb 16:30:01 EST 2023 | Running podcast_update.sh
Wed 22 Feb 16:30:01 EST 2023 | Run Complete.
Wed 22 Feb 17:30:01 EST 2023 | Running podcast_update.sh
Wed 22 Feb 17:30:01 EST 2023 | Run Complete.
Wed 22 Feb 18:30:01 EST 2023 | Running podcast_update.sh
Wed 22 Feb 18:30:01 EST 2023 | Run Complete.
Wed 22 Feb 19:30:01 EST 2023 | Running podcast_update.sh
Wed 22 Feb 19:30:01 EST 2023 | Run Complete.
Wed 22 Feb 20:30:01 EST 2023 | Running podcast_update.sh
Wed 22 Feb 20:30:01 EST 2023 | Run Complete.
Thu 23 Feb 15:30:01 EST 2023 | Running podcast_update.sh
Thu 23 Feb 15:30:01 EST 2023 | Run Complete.
Thu 23 Feb 16:30:01 EST 2023 | Running podcast_update.sh
Thu 23 Feb 16:30:01 EST 2023 | Run Complete.
Thu 23 Feb 17:30:01 EST 2023 | Running podcast_update.sh
Thu 23 Feb 17:30:01 EST 2023 | Run Complete.
Thu 23 Feb 18:30:01 EST 2023 | Running podcast_update.sh
Thu 23 Feb 18:30:01 EST 2023 | Run Complete.
Thu 23 Feb 19:30:01 EST 2023 | Running podcast_update.sh
Thu 23 Feb 19:30:01 EST 2023 | Run Complete.
Thu 23 Feb 20:30:01 EST 2023 | Running podcast_update.sh
Thu 23 Feb 20:30:01 EST 2023 | Run Complete.
Mon 27 Feb 15:30:01 EST 2023 | Running podcast_update.sh
Mon 27 Feb 15:30:01 EST 2023 | Run Complete.
Mon 27 Feb 16:30:01 EST 2023 | Running podcast_update.sh
Mon 27 Feb 16:30:01 EST 2023 | Run Complete.
Mon 27 Feb 17:30:01 EST 2023 | Running podcast_update.sh
Mon 27 Feb 17:30:01 EST 2023 | Run Complete.
Mon 27 Feb 18:30:01 EST 2023 | Running podcast_update.sh
Mon 27 Feb 18:30:01 EST 2023 | Run Complete.
Mon 27 Feb 19:30:01 EST 2023 | Running podcast_update.sh
Mon 27 Feb 19:30:01 EST 2023 | Run Complete.
Mon 27 Feb 20:30:01 EST 2023 | Running podcast_update.sh
Mon 27 Feb 20:30:01 EST 2023 | Run Complete.
Tue 28 Feb 15:30:01 EST 2023 | Running podcast_update.sh
Tue 28 Feb 15:30:01 EST 2023 | Run Complete.
Tue 28 Feb 16:30:01 EST 2023 | Running podcast_update.sh
Tue 28 Feb 16:30:01 EST 2023 | Run Complete.
Tue 28 Feb 17:30:02 EST 2023 | Running podcast_update.sh
Tue 28 Feb 17:30:02 EST 2023 | Run Complete.
Tue 28 Feb 18:30:01 EST 2023 | Running podcast_update.sh
Tue 28 Feb 18:30:01 EST 2023 | Run Complete.
Tue 28 Feb 19:30:01 EST 2023 | Running podcast_update.sh
Tue 28 Feb 19:30:01 EST 2023 | Run Complete.
Tue 28 Feb 20:30:01 EST 2023 | Running podcast_update.sh
Tue 28 Feb 20:30:01 EST 2023 | Run Complete.
Wed  1 Mar 15:30:01 EST 2023 | Running podcast_update.sh
Wed  1 Mar 15:30:01 EST 2023 | Run Complete.
Wed  1 Mar 16:30:01 EST 2023 | Running podcast_update.sh
Wed  1 Mar 16:30:01 EST 2023 | Run Complete.
Wed  1 Mar 17:30:01 EST 2023 | Running podcast_update.sh
Wed  1 Mar 17:30:01 EST 2023 | Run Complete.
Wed  1 Mar 18:30:01 EST 2023 | Running podcast_update.sh
Wed  1 Mar 18:30:01 EST 2023 | Run Complete.
Wed  1 Mar 19:30:01 EST 2023 | Running podcast_update.sh
Wed  1 Mar 19:30:01 EST 2023 | Run Complete.
Wed  1 Mar 20:30:01 EST 2023 | Running podcast_update.sh
Wed  1 Mar 20:30:01 EST 2023 | Run Complete.
Thu  2 Mar 15:30:01 EST 2023 | Running podcast_update.sh
Thu  2 Mar 15:30:01 EST 2023 | Run Complete.
Thu  2 Mar 16:30:01 EST 2023 | Running podcast_update.sh
Thu  2 Mar 16:30:01 EST 2023 | Run Complete.
Thu  2 Mar 17:30:01 EST 2023 | Running podcast_update.sh
Thu  2 Mar 17:30:01 EST 2023 | Run Complete.
Thu  2 Mar 18:30:01 EST 2023 | Running podcast_update.sh
Thu  2 Mar 18:30:01 EST 2023 | Run Complete.
Thu  2 Mar 19:30:01 EST 2023 | Running podcast_update.sh
Thu  2 Mar 19:30:01 EST 2023 | Run Complete.
Thu  2 Mar 20:30:01 EST 2023 | Running podcast_update.sh
Thu  2 Mar 20:30:01 EST 2023 | Run Complete.
Mon 20 Mar 15:30:01 EDT 2023 | Running podcast_update.sh
Mon 20 Mar 15:30:01 EDT 2023 | Run Complete.
Mon 20 Mar 16:30:02 EDT 2023 | Running podcast_update.sh
Mon 20 Mar 16:30:02 EDT 2023 | Run Complete.
Mon 20 Mar 17:30:01 EDT 2023 | Running podcast_update.sh
Mon 20 Mar 17:30:01 EDT 2023 | Run Complete.
Mon 20 Mar 18:30:01 EDT 2023 | Running podcast_update.sh
Mon 20 Mar 18:30:01 EDT 2023 | Run Complete.
Mon 20 Mar 19:30:01 EDT 2023 | Running podcast_update.sh
Mon 20 Mar 19:30:01 EDT 2023 | Run Complete.
Mon 20 Mar 20:30:01 EDT 2023 | Running podcast_update.sh
Mon 20 Mar 20:30:01 EDT 2023 | Run Complete.
Tue 21 Mar 15:30:01 EDT 2023 | Running podcast_update.sh
Tue 21 Mar 15:30:01 EDT 2023 | Run Complete.
Tue 21 Mar 16:30:01 EDT 2023 | Running podcast_update.sh
Tue 21 Mar 16:30:01 EDT 2023 | Run Complete.
Tue 21 Mar 17:30:01 EDT 2023 | Running podcast_update.sh
Tue 21 Mar 17:30:01 EDT 2023 | Run Complete.
Tue 21 Mar 18:30:01 EDT 2023 | Running podcast_update.sh
Tue 21 Mar 18:30:01 EDT 2023 | Run Complete.
Tue 21 Mar 19:30:01 EDT 2023 | Running podcast_update.sh
Tue 21 Mar 19:30:01 EDT 2023 | Run Complete.
Tue 21 Mar 20:30:01 EDT 2023 | Running podcast_update.sh
Tue 21 Mar 20:30:01 EDT 2023 | Run Complete.
Wed 22 Mar 15:30:01 EDT 2023 | Running podcast_update.sh
Wed 22 Mar 15:30:01 EDT 2023 | Run Complete.
Wed 22 Mar 16:30:01 EDT 2023 | Running podcast_update.sh
Wed 22 Mar 16:30:01 EDT 2023 | Run Complete.
Wed 22 Mar 17:30:02 EDT 2023 | Running podcast_update.sh
Wed 22 Mar 17:30:02 EDT 2023 | Run Complete.
Wed 22 Mar 18:30:01 EDT 2023 | Running podcast_update.sh
Wed 22 Mar 18:30:01 EDT 2023 | Run Complete.
Wed 22 Mar 19:30:01 EDT 2023 | Running podcast_update.sh
Wed 22 Mar 19:30:01 EDT 2023 | Run Complete.
Wed 22 Mar 20:30:01 EDT 2023 | Running podcast_update.sh
Wed 22 Mar 20:30:01 EDT 2023 | Run Complete.
Thu 23 Mar 15:30:01 EDT 2023 | Running podcast_update.sh
Thu 23 Mar 15:30:01 EDT 2023 | Run Complete.
Thu 23 Mar 16:30:01 EDT 2023 | Running podcast_update.sh
Thu 23 Mar 16:30:01 EDT 2023 | Run Complete.
Thu 23 Mar 17:30:01 EDT 2023 | Running podcast_update.sh
Thu 23 Mar 17:30:01 EDT 2023 | Run Complete.
Thu 23 Mar 18:30:01 EDT 2023 | Running podcast_update.sh
Thu 23 Mar 18:30:01 EDT 2023 | Run Complete.
Thu 23 Mar 19:30:01 EDT 2023 | Running podcast_update.sh
Thu 23 Mar 19:30:01 EDT 2023 | Run Complete.
Thu 23 Mar 20:30:01 EDT 2023 | Running podcast_update.sh
Thu 23 Mar 20:30:01 EDT 2023 | Run Complete.
Mon 27 Mar 15:30:01 EDT 2023 | Running podcast_update.sh
Mon 27 Mar 15:30:01 EDT 2023 | Run Complete.
Mon 27 Mar 16:30:01 EDT 2023 | Running podcast_update.sh
Mon 27 Mar 16:30:01 EDT 2023 | Run Complete.
Mon 27 Mar 17:30:01 EDT 2023 | Running podcast_update.sh
Mon 27 Mar 17:30:01 EDT 2023 | Run Complete.
Mon 27 Mar 18:30:01 EDT 2023 | Running podcast_update.sh
Mon 27 Mar 18:30:01 EDT 2023 | Run Complete.
Mon 27 Mar 19:30:01 EDT 2023 | Running podcast_update.sh
Mon 27 Mar 19:30:01 EDT 2023 | Run Complete.
Mon 27 Mar 20:30:01 EDT 2023 | Running podcast_update.sh
Mon 27 Mar 20:30:01 EDT 2023 | Run Complete.
Tue 28 Mar 15:30:01 EDT 2023 | Running podcast_update.sh
Tue 28 Mar 15:30:01 EDT 2023 | Run Complete.
Tue 28 Mar 16:30:01 EDT 2023 | Running podcast_update.sh
Tue 28 Mar 16:30:01 EDT 2023 | Run Complete.
Tue 28 Mar 17:30:01 EDT 2023 | Running podcast_update.sh
Tue 28 Mar 17:30:01 EDT 2023 | Run Complete.
Tue 28 Mar 18:30:01 EDT 2023 | Running podcast_update.sh
Tue 28 Mar 18:30:01 EDT 2023 | Run Complete.
Tue 28 Mar 19:30:01 EDT 2023 | Running podcast_update.sh
Tue 28 Mar 19:30:01 EDT 2023 | Run Complete.
Tue 28 Mar 20:30:01 EDT 2023 | Running podcast_update.sh
Tue 28 Mar 20:30:01 EDT 2023 | Run Complete.
Wed 29 Mar 15:30:01 EDT 2023 | Running podcast_update.sh
Wed 29 Mar 15:30:01 EDT 2023 | Run Complete.
Wed 29 Mar 16:30:01 EDT 2023 | Running podcast_update.sh
Wed 29 Mar 16:30:01 EDT 2023 | Run Complete.
Wed 29 Mar 17:30:01 EDT 2023 | Running podcast_update.sh
Wed 29 Mar 17:30:01 EDT 2023 | Run Complete.
Wed 29 Mar 18:30:01 EDT 2023 | Running podcast_update.sh
Wed 29 Mar 18:30:01 EDT 2023 | Run Complete.
Wed 29 Mar 19:30:01 EDT 2023 | Running podcast_update.sh
Wed 29 Mar 19:30:01 EDT 2023 | Run Complete.
Wed 29 Mar 20:30:01 EDT 2023 | Running podcast_update.sh
Wed 29 Mar 20:30:01 EDT 2023 | Run Complete.
Thu 30 Mar 15:30:01 EDT 2023 | Running podcast_update.sh
Thu 30 Mar 15:30:01 EDT 2023 | Run Complete.
Thu 30 Mar 16:30:01 EDT 2023 | Running podcast_update.sh
Thu 30 Mar 16:30:01 EDT 2023 | Run Complete.
Thu 30 Mar 17:30:01 EDT 2023 | Running podcast_update.sh
Thu 30 Mar 17:30:01 EDT 2023 | Run Complete.
Thu 30 Mar 18:30:01 EDT 2023 | Running podcast_update.sh
Thu 30 Mar 18:30:01 EDT 2023 | Run Complete.
Thu 30 Mar 19:30:01 EDT 2023 | Running podcast_update.sh
Thu 30 Mar 19:30:01 EDT 2023 | Run Complete.
Thu 30 Mar 20:30:01 EDT 2023 | Running podcast_update.sh
Thu 30 Mar 20:30:01 EDT 2023 | Run Complete.
Mon 17 Apr 15:30:01 EDT 2023 | Running podcast_update.sh
Mon 17 Apr 15:30:01 EDT 2023 | Run Complete.
Mon 17 Apr 16:30:01 EDT 2023 | Running podcast_update.sh
Mon 17 Apr 16:30:01 EDT 2023 | Run Complete.
Mon 17 Apr 17:30:01 EDT 2023 | Running podcast_update.sh
Mon 17 Apr 17:30:01 EDT 2023 | Run Complete.
Mon 17 Apr 18:30:01 EDT 2023 | Running podcast_update.sh
Mon 17 Apr 18:30:01 EDT 2023 | Run Complete.
Mon 17 Apr 19:30:01 EDT 2023 | Running podcast_update.sh
Mon 17 Apr 19:30:01 EDT 2023 | Run Complete.
Mon 17 Apr 20:30:01 EDT 2023 | Running podcast_update.sh
Mon 17 Apr 20:30:01 EDT 2023 | Run Complete.
Tue 18 Apr 15:30:01 EDT 2023 | Running podcast_update.sh
Tue 18 Apr 15:30:01 EDT 2023 | Run Complete.
Tue 18 Apr 16:30:01 EDT 2023 | Running podcast_update.sh
Tue 18 Apr 16:30:01 EDT 2023 | Run Complete.
Tue 18 Apr 17:30:01 EDT 2023 | Running podcast_update.sh
Tue 18 Apr 17:30:01 EDT 2023 | Run Complete.
Tue 18 Apr 18:30:01 EDT 2023 | Running podcast_update.sh
Tue 18 Apr 18:30:01 EDT 2023 | Run Complete.
Tue 18 Apr 19:30:02 EDT 2023 | Running podcast_update.sh
Tue 18 Apr 19:30:02 EDT 2023 | Run Complete.
Tue 18 Apr 20:30:01 EDT 2023 | Running podcast_update.sh
Tue 18 Apr 20:30:01 EDT 2023 | Run Complete.
Wed 19 Apr 15:30:01 EDT 2023 | Running podcast_update.sh
Wed 19 Apr 15:30:01 EDT 2023 | Run Complete.
Wed 19 Apr 16:30:01 EDT 2023 | Running podcast_update.sh
Wed 19 Apr 16:30:01 EDT 2023 | Run Complete.
Wed 19 Apr 17:30:01 EDT 2023 | Running podcast_update.sh
Wed 19 Apr 17:30:01 EDT 2023 | Run Complete.
Wed 19 Apr 18:30:01 EDT 2023 | Running podcast_update.sh
Wed 19 Apr 18:30:01 EDT 2023 | Run Complete.
Wed 19 Apr 19:30:01 EDT 2023 | Running podcast_update.sh
Wed 19 Apr 19:30:01 EDT 2023 | Run Complete.
Wed 19 Apr 20:30:01 EDT 2023 | Running podcast_update.sh
Wed 19 Apr 20:30:01 EDT 2023 | Run Complete.
Thu 20 Apr 15:30:01 EDT 2023 | Running podcast_update.sh
Thu 20 Apr 15:30:01 EDT 2023 | Run Complete.
Thu 20 Apr 16:30:01 EDT 2023 | Running podcast_update.sh
Thu 20 Apr 16:30:01 EDT 2023 | Run Complete.
Thu 20 Apr 17:30:01 EDT 2023 | Running podcast_update.sh
Thu 20 Apr 17:30:01 EDT 2023 | Run Complete.
Thu 20 Apr 18:30:01 EDT 2023 | Running podcast_update.sh
Thu 20 Apr 18:30:01 EDT 2023 | Run Complete.
Thu 20 Apr 19:30:01 EDT 2023 | Running podcast_update.sh
Thu 20 Apr 19:30:01 EDT 2023 | Run Complete.
Thu 20 Apr 20:30:01 EDT 2023 | Running podcast_update.sh
Thu 20 Apr 20:30:01 EDT 2023 | Run Complete.
Mon 24 Apr 15:30:01 EDT 2023 | Running podcast_update.sh
Mon 24 Apr 15:30:01 EDT 2023 | Run Complete.
Mon 24 Apr 16:30:01 EDT 2023 | Running podcast_update.sh
Mon 24 Apr 16:30:01 EDT 2023 | Run Complete.
Mon 24 Apr 17:30:01 EDT 2023 | Running podcast_update.sh
Mon 24 Apr 17:30:01 EDT 2023 | Run Complete.
Mon 24 Apr 18:30:01 EDT 2023 | Running podcast_update.sh
Mon 24 Apr 18:30:01 EDT 2023 | Run Complete.
Mon 24 Apr 19:30:01 EDT 2023 | Running podcast_update.sh
Mon 24 Apr 19:30:01 EDT 2023 | Run Complete.
Mon 24 Apr 20:30:01 EDT 2023 | Running podcast_update.sh
Mon 24 Apr 20:30:01 EDT 2023 | Run Complete.
Tue 25 Apr 15:30:01 EDT 2023 | Running podcast_update.sh
Tue 25 Apr 15:30:01 EDT 2023 | Run Complete.
Tue 25 Apr 16:30:01 EDT 2023 | Running podcast_update.sh
Tue 25 Apr 16:30:01 EDT 2023 | Run Complete.
Tue 25 Apr 17:30:01 EDT 2023 | Running podcast_update.sh
Tue 25 Apr 17:30:01 EDT 2023 | Run Complete.
Tue 25 Apr 18:30:01 EDT 2023 | Running podcast_update.sh
Tue 25 Apr 18:30:01 EDT 2023 | Run Complete.
Tue 25 Apr 19:30:01 EDT 2023 | Running podcast_update.sh
Tue 25 Apr 19:30:01 EDT 2023 | Run Complete.
Tue 25 Apr 20:30:01 EDT 2023 | Running podcast_update.sh
Tue 25 Apr 20:30:01 EDT 2023 | Run Complete.
Wed 26 Apr 15:30:01 EDT 2023 | Running podcast_update.sh
Wed 26 Apr 15:30:01 EDT 2023 | Run Complete.
Wed 26 Apr 16:30:01 EDT 2023 | Running podcast_update.sh
Wed 26 Apr 16:30:01 EDT 2023 | Run Complete.
Wed 26 Apr 17:30:01 EDT 2023 | Running podcast_update.sh
Wed 26 Apr 17:30:01 EDT 2023 | Run Complete.
Wed 26 Apr 18:30:01 EDT 2023 | Running podcast_update.sh
Wed 26 Apr 18:30:01 EDT 2023 | Run Complete.
Wed 26 Apr 19:30:01 EDT 2023 | Running podcast_update.sh
Wed 26 Apr 19:30:01 EDT 2023 | Run Complete.
Wed 26 Apr 20:30:01 EDT 2023 | Running podcast_update.sh
Wed 26 Apr 20:30:01 EDT 2023 | Run Complete.
Thu 27 Apr 15:30:01 EDT 2023 | Running podcast_update.sh
Thu 27 Apr 15:30:01 EDT 2023 | Run Complete.
Thu 27 Apr 16:30:01 EDT 2023 | Running podcast_update.sh
Thu 27 Apr 16:30:01 EDT 2023 | Run Complete.
Thu 27 Apr 17:30:01 EDT 2023 | Running podcast_update.sh
Thu 27 Apr 17:30:01 EDT 2023 | Run Complete.
Thu 27 Apr 18:30:01 EDT 2023 | Running podcast_update.sh
Thu 27 Apr 18:30:01 EDT 2023 | Run Complete.
Thu 27 Apr 19:30:01 EDT 2023 | Running podcast_update.sh
Thu 27 Apr 19:30:01 EDT 2023 | Run Complete.
Thu 27 Apr 20:30:01 EDT 2023 | Running podcast_update.sh
Thu 27 Apr 20:30:01 EDT 2023 | Run Complete.
Mon  2 Oct 15:30:01 EDT 2023 | Running podcast_update.sh
Mon  2 Oct 15:30:01 EDT 2023 | Run Complete.
Mon  2 Oct 16:30:02 EDT 2023 | Running podcast_update.sh
Mon  2 Oct 16:30:02 EDT 2023 | Run Complete.
Mon  2 Oct 17:30:01 EDT 2023 | Running podcast_update.sh
Mon  2 Oct 17:30:01 EDT 2023 | Run Complete.
Mon  2 Oct 18:30:01 EDT 2023 | Running podcast_update.sh
Mon  2 Oct 18:30:01 EDT 2023 | Run Complete.
Mon  2 Oct 19:30:01 EDT 2023 | Running podcast_update.sh
Mon  2 Oct 19:30:01 EDT 2023 | Run Complete.
Mon  2 Oct 20:30:01 EDT 2023 | Running podcast_update.sh
Mon  2 Oct 20:30:01 EDT 2023 | Run Complete.
